<?xml version="1.0" encoding="UTF-8"?>
<coverage generated="1581448881922" clover="3.2.0">
  <project timestamp="1581448881922" name="All files">
    <metrics statements="26" coveredstatements="26" conditionals="2" coveredconditionals="2" methods="7" coveredmethods="7" elements="35" coveredelements="35" complexity="0" loc="26" ncloc="26" packages="1" files="3" classes="3"/>
    <file name="Itinerary.js" path="/Users/nathansaide/cruise-ships2/src/Itinerary.js">
      <metrics statements="2" coveredstatements="2" conditionals="0" coveredconditionals="0" methods="1" coveredmethods="1"/>
      <line num="2" count="8" type="stmt"/>
      <line num="5" count="2" type="stmt"/>
    </file>
    <file name="Port.js" path="/Users/nathansaide/cruise-ships2/src/Port.js">
      <metrics statements="7" coveredstatements="7" conditionals="0" coveredconditionals="0" methods="3" coveredmethods="3"/>
      <line num="4" count="15" type="stmt"/>
      <line num="5" count="15" type="stmt"/>
      <line num="7" count="15" type="stmt"/>
      <line num="9" count="10" type="stmt"/>
      <line num="12" count="4" type="stmt"/>
      <line num="13" count="4" type="stmt"/>
      <line num="18" count="3" type="stmt"/>
    </file>
    <file name="Ship.js" path="/Users/nathansaide/cruise-ships2/src/Ship.js">
      <metrics statements="17" coveredstatements="17" conditionals="2" coveredconditionals="2" methods="3" coveredmethods="3"/>
      <line num="3" count="6" type="stmt"/>
      <line num="4" count="6" type="stmt"/>
      <line num="5" count="6" type="stmt"/>
      <line num="6" count="6" type="stmt"/>
      <line num="8" count="1" type="stmt"/>
      <line num="10" count="4" type="stmt"/>
      <line num="11" count="4" type="stmt"/>
      <line num="12" count="4" type="cond" truecount="2" falsecount="0"/>
      <line num="13" count="1" type="stmt"/>
      <line num="15" count="3" type="stmt"/>
      <line num="16" count="3" type="stmt"/>
      <line num="17" count="3" type="stmt"/>
      <line num="20" count="2" type="stmt"/>
      <line num="21" count="2" type="stmt"/>
      <line num="22" count="2" type="stmt"/>
      <line num="23" count="2" type="stmt"/>
      <line num="26" count="1" type="stmt"/>
    </file>
  </project>
</coverage>
