TN:
SF:src/Itinerary.js
FN:1,Itinerary
FNF:1
FNH:1
FNDA:8,Itinerary
DA:2,8
DA:5,2
LF:2
LH:2
BRF:0
BRH:0
end_of_record
TN:
SF:src/Port.js
FN:3,Port
FN:8,(anonymous_1)
FN:11,(anonymous_2)
FNF:3
FNH:3
FNDA:15,Port
FNDA:10,(anonymous_1)
FNDA:4,(anonymous_2)
DA:4,15
DA:5,15
DA:7,15
DA:9,10
DA:12,4
DA:13,4
DA:18,3
LF:7
LH:7
BRF:0
BRH:0
end_of_record
TN:
SF:src/Ship.js
FN:2,Ship
FN:9,(anonymous_1)
FN:19,(anonymous_2)
FNF:3
FNH:3
FNDA:6,Ship
FNDA:4,(anonymous_1)
FNDA:2,(anonymous_2)
DA:3,6
DA:4,6
DA:5,6
DA:6,6
DA:8,1
DA:10,4
DA:11,4
DA:12,4
DA:13,1
DA:15,3
DA:16,3
DA:17,3
DA:20,2
DA:21,2
DA:22,2
DA:23,2
DA:26,1
LF:17
LH:17
BRDA:12,0,0,1
BRDA:12,0,1,3
BRF:2
BRH:2
end_of_record
